<?xml version="1.0" encoding="UTF-8"?>
<!-- Generated by org.testng.reporters.JUnitReportReporter -->
<testsuite hostname="Kevins-MacBook-Pro.local" name="com.idot.dataingest.twitter.TwitterProcessorTest" tests="1" failures="0" timestamp="29 Apr 2013 00:05:57 GMT" time="0.000" errors="0">
  <testcase name="coreTest" time="0.000" classname="com.idot.dataingest.twitter.TwitterProcessorTest"/>
</testsuite> <!-- com.idot.dataingest.twitter.TwitterProcessorTest -->
