<?xml version="1.0" encoding="UTF-8"?>
<!-- Generated by org.testng.reporters.JUnitReportReporter -->
<testsuite hostname="Kevins-MacBook-Pro.local" name="com.idot.services.endpoints.TextAnalyzerEndpointTest" tests="1" failures="0" timestamp="4 Jul 2013 23:33:36 GMT" time="0.001" errors="0">
  <testcase name="categorizeTest" time="0.001" classname="com.idot.services.endpoints.TextAnalyzerEndpointTest"/>
</testsuite>
