<?xml version="1.0" encoding="UTF-8"?>
<!-- Generated by org.testng.reporters.JUnitReportReporter -->
<testsuite hostname="Kevins-MacBook-Pro.local" name="com.idot.services.endpoints.ModelsEndpointTest" tests="4" failures="0" timestamp="4 Jul 2013 23:33:36 GMT" time="0.003" errors="0">
  <testcase name="saveClassifiedText" time="0.000" classname="com.idot.services.endpoints.ModelsEndpointTest"/>
  <testcase name="deleteTest" time="0.001" classname="com.idot.services.endpoints.ModelsEndpointTest"/>
  <testcase name="getByIdsTest" time="0.001" classname="com.idot.services.endpoints.ModelsEndpointTest"/>
  <testcase name="createTest" time="0.001" classname="com.idot.services.endpoints.ModelsEndpointTest"/>
</testsuite>
