<?xml version="1.0" encoding="UTF-8"?>
<!-- Generated by org.testng.reporters.JUnitReportReporter -->
<testsuite hostname="Kevins-MacBook-Pro.local" name="com.nebarti.dataaccess.dao.TwitterAccountDaoTest" tests="2" failures="0" timestamp="29 Apr 2013 00:06:20 GMT" time="0.000" errors="0">
  <testcase name="saveTest" time="0.000" classname="com.nebarti.dataaccess.dao.TwitterAccountDaoTest"/>
  <testcase name="getByUserIDTest" time="0.000" classname="com.nebarti.dataaccess.dao.TwitterAccountDaoTest"/>
</testsuite> <!-- com.nebarti.dataaccess.dao.TwitterAccountDaoTest -->
